[debug] [2021-11-09T15:12:50.569Z] ----------------------------------------------------------------------
[debug] [2021-11-09T15:12:50.572Z] Command:       C:\Program Files\nodejs\node.exe C:\Users\franciscom\AppData\Roaming\npm\node_modules\firebase-tools\lib\bin\firebase.js init
[debug] [2021-11-09T15:12:50.572Z] CLI Version:   9.19.0
[debug] [2021-11-09T15:12:50.572Z] Platform:      win32
[debug] [2021-11-09T15:12:50.572Z] Node Version:  v14.18.0
[debug] [2021-11-09T15:12:50.574Z] Time:          Tue Nov 09 2021 12:12:50 GMT-0300 (hora estándar de Argentina)
[debug] [2021-11-09T15:12:50.574Z] ----------------------------------------------------------------------
[debug] 
[debug] [2021-11-09T15:12:50.576Z] >>> [apiv2][query] GET https://firebase-public.firebaseio.com/cli.json [none]
[debug] [2021-11-09T15:12:50.602Z] > command requires scopes: ["email","openid","https://www.googleapis.com/auth/cloudplatformprojects.readonly","https://www.googleapis.com/auth/firebase","https://www.googleapis.com/auth/cloud-platform"]
[debug] [2021-11-09T15:12:50.602Z] > authorizing via signed-in user (fmorosini@gmail.com)
[info] 
     ######## #### ########  ######## ########     ###     ######  ########
     ##        ##  ##     ## ##       ##     ##  ##   ##  ##       ##
     ######    ##  ########  ######   ########  #########  ######  ######
     ##        ##  ##    ##  ##       ##     ## ##     ##       ## ##
     ##       #### ##     ## ######## ########  ##     ##  ######  ########

You're about to initialize a Firebase project in this directory:

  C:\Users\franciscom\api.arbolesurbanos.com.ar

[debug] [2021-11-09T15:12:51.177Z] <<< [apiv2][status] GET https://firebase-public.firebaseio.com/cli.json 200
[debug] [2021-11-09T15:12:51.177Z] <<< [apiv2][body] GET https://firebase-public.firebaseio.com/cli.json {"cloudBuildErrorAfter":1594252800000,"cloudBuildWarnAfter":1590019200000,"defaultNode10After":1594252800000,"minVersion":"3.0.5","node8DeploysDisabledAfter":1613390400000,"node8RuntimeDisabledAfter":1615809600000,"node8WarnAfter":1600128000000}
